<?xml version="1.0" encoding="UTF-8"?>
<testsuite xmlns:xsi="http://www.w3.org/2001/XMLSchema-instance" xsi:noNamespaceSchemaLocation="https://maven.apache.org/surefire/maven-surefire-plugin/xsd/surefire-test-report.xsd" name="basic.UserTest" time="0.027" tests="1" errors="0" skipped="0" failures="0">
  <properties>
    <property name="java.specification.version" value="20"/>
    <property name="sun.jnu.encoding" value="UTF-8"/>
    <property name="java.class.path" value="/home/brito/code/x-file.xyz/nostrium/target/test-classes:/home/brito/code/x-file.xyz/nostrium/target/classes:/home/brito/.m2/repository/org/apache/sshd/sshd-core/2.7.0/sshd-core-2.7.0.jar:/home/brito/.m2/repository/org/apache/sshd/sshd-common/2.7.0/sshd-common-2.7.0.jar:/home/brito/.m2/repository/org/slf4j/slf4j-api/1.7.30/slf4j-api-1.7.30.jar:/home/brito/.m2/repository/org/slf4j/jcl-over-slf4j/1.7.30/jcl-over-slf4j-1.7.30.jar:/home/brito/.m2/repository/nostr-java/nostr-java-base/0.6.1-SNAPSHOT/nostr-java-base-0.6.1-SNAPSHOT.jar:/home/brito/.m2/repository/org/projectlombok/lombok/1.18.30/lombok-1.18.30.jar:/home/brito/.m2/repository/com/fasterxml/jackson/core/jackson-databind/2.14.1/jackson-databind-2.14.1.jar:/home/brito/.m2/repository/com/fasterxml/jackson/core/jackson-annotations/2.14.1/jackson-annotations-2.14.1.jar:/home/brito/.m2/repository/com/fasterxml/jackson/core/jackson-core/2.14.1/jackson-core-2.14.1.jar:/home/brito/.m2/repository/nostr-java/nostr-java-crypto/0.6.1-SNAPSHOT/nostr-java-crypto-0.6.1-SNAPSHOT.jar:/home/brito/.m2/repository/nostr-java/nostr-java-event/0.6.1-SNAPSHOT/nostr-java-event-0.6.1-SNAPSHOT.jar:/home/brito/.m2/repository/me/champeau/openbeans/openbeans/1.0.2/openbeans-1.0.2.jar:/home/brito/.m2/repository/nostr-java/nostr-java-examples/0.6.1-SNAPSHOT/nostr-java-examples-0.6.1-SNAPSHOT.jar:/home/brito/.m2/repository/nostr-java/nostr-java-id/0.6.1-SNAPSHOT/nostr-java-id-0.6.1-SNAPSHOT.jar:/home/brito/.m2/repository/nostr-java/nostr-java-test/0.6.1-SNAPSHOT/nostr-java-test-0.6.1-SNAPSHOT.jar:/home/brito/.m2/repository/nostr-java/nostr-java-util/0.6.1-SNAPSHOT/nostr-java-util-0.6.1-SNAPSHOT.jar:/home/brito/.m2/repository/nostr-java/nostr-java-connection/0.6.1-SNAPSHOT/nostr-java-connection-0.6.1-SNAPSHOT.jar:/home/brito/.m2/repository/com/squareup/okio/okio/2.8.0/okio-2.8.0.jar:/home/brito/.m2/repository/org/jetbrains/kotlin/kotlin-stdlib/1.4.0/kotlin-stdlib-1.4.0.jar:/home/brito/.m2/repository/org/jetbrains/kotlin/kotlin-stdlib-common/1.4.0/kotlin-stdlib-common-1.4.0.jar:/home/brito/.m2/repository/com/squareup/okhttp3/okhttp/4.9.3/okhttp-4.9.3.jar:/home/brito/.m2/repository/nostr-java/nostr-java-command-interface/0.6.1-SNAPSHOT/nostr-java-command-interface-0.6.1-SNAPSHOT.jar:/home/brito/.m2/repository/nostr-java/nostr-java-command-provider/0.6.1-SNAPSHOT/nostr-java-command-provider-0.6.1-SNAPSHOT.jar:/home/brito/.m2/repository/nostr-java/nostr-java-client/0.6.1-SNAPSHOT/nostr-java-client-0.6.1-SNAPSHOT.jar:/home/brito/.m2/repository/nostr-java/nostr-java-api/0.6.1-SNAPSHOT/nostr-java-api-0.6.1-SNAPSHOT.jar:/home/brito/.m2/repository/nostr-java/nostr-java-encryption/0.6.1-SNAPSHOT/nostr-java-encryption-0.6.1-SNAPSHOT.jar:/home/brito/.m2/repository/nostr-java/nostr-java-encryption-nip04/0.6.1-SNAPSHOT/nostr-java-encryption-nip04-0.6.1-SNAPSHOT.jar:/home/brito/.m2/repository/nostr-java/nostr-java-encryption-nip44/0.6.1-SNAPSHOT/nostr-java-encryption-nip44-0.6.1-SNAPSHOT.jar:/home/brito/.m2/repository/nostr-java/nostr-java-context/0.6.1-SNAPSHOT/nostr-java-context-0.6.1-SNAPSHOT.jar:/home/brito/.m2/repository/nostr-java/nostr-java-context-interface/0.6.1-SNAPSHOT/nostr-java-context-interface-0.6.1-SNAPSHOT.jar:/home/brito/.m2/repository/nostr-java/nostr-java-controller/0.6.1-SNAPSHOT/nostr-java-controller-0.6.1-SNAPSHOT.jar:/home/brito/.m2/repository/org/bouncycastle/bcprov-jdk18on/1.78.1/bcprov-jdk18on-1.78.1.jar:/home/brito/.m2/repository/org/takes/takes/1.24.4/takes-1.24.4.jar:/home/brito/.m2/repository/org/cactoos/cactoos/0.54.0/cactoos-0.54.0.jar:/home/brito/.m2/repository/javax/xml/bind/jaxb-api/2.4.0-b180830.0359/jaxb-api-2.4.0-b180830.0359.jar:/home/brito/.m2/repository/javax/activation/javax.activation-api/1.2.0/javax.activation-api-1.2.0.jar:/home/brito/.m2/repository/com/sun/xml/bind/jaxb-core/4.0.0/jaxb-core-4.0.0.jar:/home/brito/.m2/repository/jakarta/xml/bind/jakarta.xml.bind-api/4.0.0/jakarta.xml.bind-api-4.0.0.jar:/home/brito/.m2/repository/jakarta/activation/jakarta.activation-api/2.1.0/jakarta.activation-api-2.1.0.jar:/home/brito/.m2/repository/org/eclipse/angus/angus-activation/1.0.0/angus-activation-1.0.0.jar:/home/brito/.m2/repository/com/sun/xml/bind/jaxb-impl/4.0.0/jaxb-impl-4.0.0.jar:/home/brito/.m2/repository/org/junit/jupiter/junit-jupiter-api/5.6.0/junit-jupiter-api-5.6.0.jar:/home/brito/.m2/repository/org/apiguardian/apiguardian-api/1.1.0/apiguardian-api-1.1.0.jar:/home/brito/.m2/repository/org/opentest4j/opentest4j/1.2.0/opentest4j-1.2.0.jar:/home/brito/.m2/repository/org/junit/platform/junit-platform-commons/1.6.0/junit-platform-commons-1.6.0.jar:/home/brito/.m2/repository/org/junit/jupiter/junit-jupiter-params/5.6.0/junit-jupiter-params-5.6.0.jar:/home/brito/.m2/repository/org/junit/jupiter/junit-jupiter-engine/5.6.0/junit-jupiter-engine-5.6.0.jar:/home/brito/.m2/repository/org/junit/platform/junit-platform-engine/1.6.0/junit-platform-engine-1.6.0.jar:/home/brito/.m2/repository/com/google/code/gson/gson/2.10.1/gson-2.10.1.jar:/home/brito/.m2/repository/commons-io/commons-io/2.7/commons-io-2.7.jar:/home/brito/.m2/repository/org/apache/commons/commons-lang3/3.12.0/commons-lang3-3.12.0.jar:/home/brito/.m2/repository/org/jsoup/jsoup/1.15.3/jsoup-1.15.3.jar:/home/brito/.m2/repository/com/vladsch/flexmark/flexmark-all/0.64.0/flexmark-all-0.64.0-lib.jar:/home/brito/.m2/repository/com/vladsch/flexmark/flexmark/0.64.0/flexmark-0.64.0.jar:/home/brito/.m2/repository/com/vladsch/flexmark/flexmark-ext-abbreviation/0.64.0/flexmark-ext-abbreviation-0.64.0.jar:/home/brito/.m2/repository/com/vladsch/flexmark/flexmark-util/0.64.0/flexmark-util-0.64.0.jar:/home/brito/.m2/repository/com/vladsch/flexmark/flexmark-ext-admonition/0.64.0/flexmark-ext-admonition-0.64.0.jar:/home/brito/.m2/repository/com/vladsch/flexmark/flexmark-ext-anchorlink/0.64.0/flexmark-ext-anchorlink-0.64.0.jar:/home/brito/.m2/repository/com/vladsch/flexmark/flexmark-ext-aside/0.64.0/flexmark-ext-aside-0.64.0.jar:/home/brito/.m2/repository/com/vladsch/flexmark/flexmark-ext-attributes/0.64.0/flexmark-ext-attributes-0.64.0.jar:/home/brito/.m2/repository/com/vladsch/flexmark/flexmark-ext-autolink/0.64.0/flexmark-ext-autolink-0.64.0.jar:/home/brito/.m2/repository/org/nibor/autolink/autolink/0.6.0/autolink-0.6.0.jar:/home/brito/.m2/repository/com/vladsch/flexmark/flexmark-ext-definition/0.64.0/flexmark-ext-definition-0.64.0.jar:/home/brito/.m2/repository/com/vladsch/flexmark/flexmark-ext-emoji/0.64.0/flexmark-ext-emoji-0.64.0.jar:/home/brito/.m2/repository/com/vladsch/flexmark/flexmark-ext-enumerated-reference/0.64.0/flexmark-ext-enumerated-reference-0.64.0.jar:/home/brito/.m2/repository/com/vladsch/flexmark/flexmark-ext-escaped-character/0.64.0/flexmark-ext-escaped-character-0.64.0.jar:/home/brito/.m2/repository/com/vladsch/flexmark/flexmark-ext-footnotes/0.64.0/flexmark-ext-footnotes-0.64.0.jar:/home/brito/.m2/repository/com/vladsch/flexmark/flexmark-ext-gfm-issues/0.64.0/flexmark-ext-gfm-issues-0.64.0.jar:/home/brito/.m2/repository/com/vladsch/flexmark/flexmark-ext-gfm-strikethrough/0.64.0/flexmark-ext-gfm-strikethrough-0.64.0.jar:/home/brito/.m2/repository/com/vladsch/flexmark/flexmark-ext-gfm-tasklist/0.64.0/flexmark-ext-gfm-tasklist-0.64.0.jar:/home/brito/.m2/repository/com/vladsch/flexmark/flexmark-ext-gfm-users/0.64.0/flexmark-ext-gfm-users-0.64.0.jar:/home/brito/.m2/repository/com/vladsch/flexmark/flexmark-ext-gitlab/0.64.0/flexmark-ext-gitlab-0.64.0.jar:/home/brito/.m2/repository/com/vladsch/flexmark/flexmark-ext-jekyll-front-matter/0.64.0/flexmark-ext-jekyll-front-matter-0.64.0.jar:/home/brito/.m2/repository/com/vladsch/flexmark/flexmark-ext-jekyll-tag/0.64.0/flexmark-ext-jekyll-tag-0.64.0.jar:/home/brito/.m2/repository/com/vladsch/flexmark/flexmark-ext-media-tags/0.64.0/flexmark-ext-media-tags-0.64.0.jar:/home/brito/.m2/repository/com/vladsch/flexmark/flexmark-ext-resizable-image/0.64.0/flexmark-ext-resizable-image-0.64.0.jar:/home/brito/.m2/repository/com/vladsch/flexmark/flexmark-ext-macros/0.64.0/flexmark-ext-macros-0.64.0.jar:/home/brito/.m2/repository/com/vladsch/flexmark/flexmark-ext-ins/0.64.0/flexmark-ext-ins-0.64.0.jar:/home/brito/.m2/repository/com/vladsch/flexmark/flexmark-ext-xwiki-macros/0.64.0/flexmark-ext-xwiki-macros-0.64.0.jar:/home/brito/.m2/repository/com/vladsch/flexmark/flexmark-ext-superscript/0.64.0/flexmark-ext-superscript-0.64.0.jar:/home/brito/.m2/repository/com/vladsch/flexmark/flexmark-ext-tables/0.64.0/flexmark-ext-tables-0.64.0.jar:/home/brito/.m2/repository/com/vladsch/flexmark/flexmark-ext-toc/0.64.0/flexmark-ext-toc-0.64.0.jar:/home/brito/.m2/repository/com/vladsch/flexmark/flexmark-ext-typographic/0.64.0/flexmark-ext-typographic-0.64.0.jar:/home/brito/.m2/repository/com/vladsch/flexmark/flexmark-ext-wikilink/0.64.0/flexmark-ext-wikilink-0.64.0.jar:/home/brito/.m2/repository/com/vladsch/flexmark/flexmark-ext-yaml-front-matter/0.64.0/flexmark-ext-yaml-front-matter-0.64.0.jar:/home/brito/.m2/repository/com/vladsch/flexmark/flexmark-ext-youtube-embedded/0.64.0/flexmark-ext-youtube-embedded-0.64.0.jar:/home/brito/.m2/repository/com/vladsch/flexmark/flexmark-html2md-converter/0.64.0/flexmark-html2md-converter-0.64.0.jar:/home/brito/.m2/repository/com/vladsch/flexmark/flexmark-jira-converter/0.64.0/flexmark-jira-converter-0.64.0.jar:/home/brito/.m2/repository/com/vladsch/flexmark/flexmark-pdf-converter/0.64.0/flexmark-pdf-converter-0.64.0.jar:/home/brito/.m2/repository/com/openhtmltopdf/openhtmltopdf-core/1.0.10/openhtmltopdf-core-1.0.10.jar:/home/brito/.m2/repository/com/openhtmltopdf/openhtmltopdf-pdfbox/1.0.10/openhtmltopdf-pdfbox-1.0.10.jar:/home/brito/.m2/repository/org/apache/pdfbox/pdfbox/2.0.24/pdfbox-2.0.24.jar:/home/brito/.m2/repository/org/apache/pdfbox/fontbox/2.0.24/fontbox-2.0.24.jar:/home/brito/.m2/repository/commons-logging/commons-logging/1.2/commons-logging-1.2.jar:/home/brito/.m2/repository/org/apache/pdfbox/xmpbox/2.0.24/xmpbox-2.0.24.jar:/home/brito/.m2/repository/de/rototor/pdfbox/graphics2d/0.32/graphics2d-0.32.jar:/home/brito/.m2/repository/com/openhtmltopdf/openhtmltopdf-rtl-support/1.0.10/openhtmltopdf-rtl-support-1.0.10.jar:/home/brito/.m2/repository/com/ibm/icu/icu4j/59.1/icu4j-59.1.jar:/home/brito/.m2/repository/com/openhtmltopdf/openhtmltopdf-jsoup-dom-converter/1.0.0/openhtmltopdf-jsoup-dom-converter-1.0.0.jar:/home/brito/.m2/repository/com/vladsch/flexmark/flexmark-profile-pegdown/0.64.0/flexmark-profile-pegdown-0.64.0.jar:/home/brito/.m2/repository/com/vladsch/flexmark/flexmark-util-ast/0.64.0/flexmark-util-ast-0.64.0.jar:/home/brito/.m2/repository/org/jetbrains/annotations/15.0/annotations-15.0.jar:/home/brito/.m2/repository/com/vladsch/flexmark/flexmark-util-builder/0.64.0/flexmark-util-builder-0.64.0.jar:/home/brito/.m2/repository/com/vladsch/flexmark/flexmark-util-collection/0.64.0/flexmark-util-collection-0.64.0.jar:/home/brito/.m2/repository/com/vladsch/flexmark/flexmark-util-data/0.64.0/flexmark-util-data-0.64.0.jar:/home/brito/.m2/repository/com/vladsch/flexmark/flexmark-util-dependency/0.64.0/flexmark-util-dependency-0.64.0.jar:/home/brito/.m2/repository/com/vladsch/flexmark/flexmark-util-format/0.64.0/flexmark-util-format-0.64.0.jar:/home/brito/.m2/repository/com/vladsch/flexmark/flexmark-util-html/0.64.0/flexmark-util-html-0.64.0.jar:/home/brito/.m2/repository/com/vladsch/flexmark/flexmark-util-misc/0.64.0/flexmark-util-misc-0.64.0.jar:/home/brito/.m2/repository/com/vladsch/flexmark/flexmark-util-options/0.64.0/flexmark-util-options-0.64.0.jar:/home/brito/.m2/repository/com/vladsch/flexmark/flexmark-util-sequence/0.64.0/flexmark-util-sequence-0.64.0.jar:/home/brito/.m2/repository/com/vladsch/flexmark/flexmark-util-visitor/0.64.0/flexmark-util-visitor-0.64.0.jar:/home/brito/.m2/repository/com/vladsch/flexmark/flexmark-youtrack-converter/0.64.0/flexmark-youtrack-converter-0.64.0.jar:"/>
    <property name="java.vm.vendor" value="Oracle Corporation"/>
    <property name="sun.arch.data.model" value="64"/>
    <property name="java.vendor.url" value="https://java.oracle.com/"/>
    <property name="user.timezone" value="Europe/Berlin"/>
    <property name="os.name" value="Linux"/>
    <property name="java.vm.specification.version" value="20"/>
    <property name="user.country" value="AG"/>
    <property name="sun.java.launcher" value="SUN_STANDARD"/>
    <property name="sun.boot.library.path" value="/home/brito/.sdkman/candidates/java/20.0.1-graal/lib"/>
    <property name="sun.java.command" value="/home/brito/code/x-file.xyz/nostrium/target/surefire/surefirebooter1292594383538060559.jar /home/brito/code/x-file.xyz/nostrium/target/surefire 2024-08-11T01-17-35_546-jvmRun1 surefire8450661977774625669tmp surefire_014320795676531653792tmp"/>
    <property name="jdk.debug" value="release"/>
    <property name="surefire.test.class.path" value="/home/brito/code/x-file.xyz/nostrium/target/test-classes:/home/brito/code/x-file.xyz/nostrium/target/classes:/home/brito/.m2/repository/org/apache/sshd/sshd-core/2.7.0/sshd-core-2.7.0.jar:/home/brito/.m2/repository/org/apache/sshd/sshd-common/2.7.0/sshd-common-2.7.0.jar:/home/brito/.m2/repository/org/slf4j/slf4j-api/1.7.30/slf4j-api-1.7.30.jar:/home/brito/.m2/repository/org/slf4j/jcl-over-slf4j/1.7.30/jcl-over-slf4j-1.7.30.jar:/home/brito/.m2/repository/nostr-java/nostr-java-base/0.6.1-SNAPSHOT/nostr-java-base-0.6.1-SNAPSHOT.jar:/home/brito/.m2/repository/org/projectlombok/lombok/1.18.30/lombok-1.18.30.jar:/home/brito/.m2/repository/com/fasterxml/jackson/core/jackson-databind/2.14.1/jackson-databind-2.14.1.jar:/home/brito/.m2/repository/com/fasterxml/jackson/core/jackson-annotations/2.14.1/jackson-annotations-2.14.1.jar:/home/brito/.m2/repository/com/fasterxml/jackson/core/jackson-core/2.14.1/jackson-core-2.14.1.jar:/home/brito/.m2/repository/nostr-java/nostr-java-crypto/0.6.1-SNAPSHOT/nostr-java-crypto-0.6.1-SNAPSHOT.jar:/home/brito/.m2/repository/nostr-java/nostr-java-event/0.6.1-SNAPSHOT/nostr-java-event-0.6.1-SNAPSHOT.jar:/home/brito/.m2/repository/me/champeau/openbeans/openbeans/1.0.2/openbeans-1.0.2.jar:/home/brito/.m2/repository/nostr-java/nostr-java-examples/0.6.1-SNAPSHOT/nostr-java-examples-0.6.1-SNAPSHOT.jar:/home/brito/.m2/repository/nostr-java/nostr-java-id/0.6.1-SNAPSHOT/nostr-java-id-0.6.1-SNAPSHOT.jar:/home/brito/.m2/repository/nostr-java/nostr-java-test/0.6.1-SNAPSHOT/nostr-java-test-0.6.1-SNAPSHOT.jar:/home/brito/.m2/repository/nostr-java/nostr-java-util/0.6.1-SNAPSHOT/nostr-java-util-0.6.1-SNAPSHOT.jar:/home/brito/.m2/repository/nostr-java/nostr-java-connection/0.6.1-SNAPSHOT/nostr-java-connection-0.6.1-SNAPSHOT.jar:/home/brito/.m2/repository/com/squareup/okio/okio/2.8.0/okio-2.8.0.jar:/home/brito/.m2/repository/org/jetbrains/kotlin/kotlin-stdlib/1.4.0/kotlin-stdlib-1.4.0.jar:/home/brito/.m2/repository/org/jetbrains/kotlin/kotlin-stdlib-common/1.4.0/kotlin-stdlib-common-1.4.0.jar:/home/brito/.m2/repository/com/squareup/okhttp3/okhttp/4.9.3/okhttp-4.9.3.jar:/home/brito/.m2/repository/nostr-java/nostr-java-command-interface/0.6.1-SNAPSHOT/nostr-java-command-interface-0.6.1-SNAPSHOT.jar:/home/brito/.m2/repository/nostr-java/nostr-java-command-provider/0.6.1-SNAPSHOT/nostr-java-command-provider-0.6.1-SNAPSHOT.jar:/home/brito/.m2/repository/nostr-java/nostr-java-client/0.6.1-SNAPSHOT/nostr-java-client-0.6.1-SNAPSHOT.jar:/home/brito/.m2/repository/nostr-java/nostr-java-api/0.6.1-SNAPSHOT/nostr-java-api-0.6.1-SNAPSHOT.jar:/home/brito/.m2/repository/nostr-java/nostr-java-encryption/0.6.1-SNAPSHOT/nostr-java-encryption-0.6.1-SNAPSHOT.jar:/home/brito/.m2/repository/nostr-java/nostr-java-encryption-nip04/0.6.1-SNAPSHOT/nostr-java-encryption-nip04-0.6.1-SNAPSHOT.jar:/home/brito/.m2/repository/nostr-java/nostr-java-encryption-nip44/0.6.1-SNAPSHOT/nostr-java-encryption-nip44-0.6.1-SNAPSHOT.jar:/home/brito/.m2/repository/nostr-java/nostr-java-context/0.6.1-SNAPSHOT/nostr-java-context-0.6.1-SNAPSHOT.jar:/home/brito/.m2/repository/nostr-java/nostr-java-context-interface/0.6.1-SNAPSHOT/nostr-java-context-interface-0.6.1-SNAPSHOT.jar:/home/brito/.m2/repository/nostr-java/nostr-java-controller/0.6.1-SNAPSHOT/nostr-java-controller-0.6.1-SNAPSHOT.jar:/home/brito/.m2/repository/org/bouncycastle/bcprov-jdk18on/1.78.1/bcprov-jdk18on-1.78.1.jar:/home/brito/.m2/repository/org/takes/takes/1.24.4/takes-1.24.4.jar:/home/brito/.m2/repository/org/cactoos/cactoos/0.54.0/cactoos-0.54.0.jar:/home/brito/.m2/repository/javax/xml/bind/jaxb-api/2.4.0-b180830.0359/jaxb-api-2.4.0-b180830.0359.jar:/home/brito/.m2/repository/javax/activation/javax.activation-api/1.2.0/javax.activation-api-1.2.0.jar:/home/brito/.m2/repository/com/sun/xml/bind/jaxb-core/4.0.0/jaxb-core-4.0.0.jar:/home/brito/.m2/repository/jakarta/xml/bind/jakarta.xml.bind-api/4.0.0/jakarta.xml.bind-api-4.0.0.jar:/home/brito/.m2/repository/jakarta/activation/jakarta.activation-api/2.1.0/jakarta.activation-api-2.1.0.jar:/home/brito/.m2/repository/org/eclipse/angus/angus-activation/1.0.0/angus-activation-1.0.0.jar:/home/brito/.m2/repository/com/sun/xml/bind/jaxb-impl/4.0.0/jaxb-impl-4.0.0.jar:/home/brito/.m2/repository/org/junit/jupiter/junit-jupiter-api/5.6.0/junit-jupiter-api-5.6.0.jar:/home/brito/.m2/repository/org/apiguardian/apiguardian-api/1.1.0/apiguardian-api-1.1.0.jar:/home/brito/.m2/repository/org/opentest4j/opentest4j/1.2.0/opentest4j-1.2.0.jar:/home/brito/.m2/repository/org/junit/platform/junit-platform-commons/1.6.0/junit-platform-commons-1.6.0.jar:/home/brito/.m2/repository/org/junit/jupiter/junit-jupiter-params/5.6.0/junit-jupiter-params-5.6.0.jar:/home/brito/.m2/repository/org/junit/jupiter/junit-jupiter-engine/5.6.0/junit-jupiter-engine-5.6.0.jar:/home/brito/.m2/repository/org/junit/platform/junit-platform-engine/1.6.0/junit-platform-engine-1.6.0.jar:/home/brito/.m2/repository/com/google/code/gson/gson/2.10.1/gson-2.10.1.jar:/home/brito/.m2/repository/commons-io/commons-io/2.7/commons-io-2.7.jar:/home/brito/.m2/repository/org/apache/commons/commons-lang3/3.12.0/commons-lang3-3.12.0.jar:/home/brito/.m2/repository/org/jsoup/jsoup/1.15.3/jsoup-1.15.3.jar:/home/brito/.m2/repository/com/vladsch/flexmark/flexmark-all/0.64.0/flexmark-all-0.64.0-lib.jar:/home/brito/.m2/repository/com/vladsch/flexmark/flexmark/0.64.0/flexmark-0.64.0.jar:/home/brito/.m2/repository/com/vladsch/flexmark/flexmark-ext-abbreviation/0.64.0/flexmark-ext-abbreviation-0.64.0.jar:/home/brito/.m2/repository/com/vladsch/flexmark/flexmark-util/0.64.0/flexmark-util-0.64.0.jar:/home/brito/.m2/repository/com/vladsch/flexmark/flexmark-ext-admonition/0.64.0/flexmark-ext-admonition-0.64.0.jar:/home/brito/.m2/repository/com/vladsch/flexmark/flexmark-ext-anchorlink/0.64.0/flexmark-ext-anchorlink-0.64.0.jar:/home/brito/.m2/repository/com/vladsch/flexmark/flexmark-ext-aside/0.64.0/flexmark-ext-aside-0.64.0.jar:/home/brito/.m2/repository/com/vladsch/flexmark/flexmark-ext-attributes/0.64.0/flexmark-ext-attributes-0.64.0.jar:/home/brito/.m2/repository/com/vladsch/flexmark/flexmark-ext-autolink/0.64.0/flexmark-ext-autolink-0.64.0.jar:/home/brito/.m2/repository/org/nibor/autolink/autolink/0.6.0/autolink-0.6.0.jar:/home/brito/.m2/repository/com/vladsch/flexmark/flexmark-ext-definition/0.64.0/flexmark-ext-definition-0.64.0.jar:/home/brito/.m2/repository/com/vladsch/flexmark/flexmark-ext-emoji/0.64.0/flexmark-ext-emoji-0.64.0.jar:/home/brito/.m2/repository/com/vladsch/flexmark/flexmark-ext-enumerated-reference/0.64.0/flexmark-ext-enumerated-reference-0.64.0.jar:/home/brito/.m2/repository/com/vladsch/flexmark/flexmark-ext-escaped-character/0.64.0/flexmark-ext-escaped-character-0.64.0.jar:/home/brito/.m2/repository/com/vladsch/flexmark/flexmark-ext-footnotes/0.64.0/flexmark-ext-footnotes-0.64.0.jar:/home/brito/.m2/repository/com/vladsch/flexmark/flexmark-ext-gfm-issues/0.64.0/flexmark-ext-gfm-issues-0.64.0.jar:/home/brito/.m2/repository/com/vladsch/flexmark/flexmark-ext-gfm-strikethrough/0.64.0/flexmark-ext-gfm-strikethrough-0.64.0.jar:/home/brito/.m2/repository/com/vladsch/flexmark/flexmark-ext-gfm-tasklist/0.64.0/flexmark-ext-gfm-tasklist-0.64.0.jar:/home/brito/.m2/repository/com/vladsch/flexmark/flexmark-ext-gfm-users/0.64.0/flexmark-ext-gfm-users-0.64.0.jar:/home/brito/.m2/repository/com/vladsch/flexmark/flexmark-ext-gitlab/0.64.0/flexmark-ext-gitlab-0.64.0.jar:/home/brito/.m2/repository/com/vladsch/flexmark/flexmark-ext-jekyll-front-matter/0.64.0/flexmark-ext-jekyll-front-matter-0.64.0.jar:/home/brito/.m2/repository/com/vladsch/flexmark/flexmark-ext-jekyll-tag/0.64.0/flexmark-ext-jekyll-tag-0.64.0.jar:/home/brito/.m2/repository/com/vladsch/flexmark/flexmark-ext-media-tags/0.64.0/flexmark-ext-media-tags-0.64.0.jar:/home/brito/.m2/repository/com/vladsch/flexmark/flexmark-ext-resizable-image/0.64.0/flexmark-ext-resizable-image-0.64.0.jar:/home/brito/.m2/repository/com/vladsch/flexmark/flexmark-ext-macros/0.64.0/flexmark-ext-macros-0.64.0.jar:/home/brito/.m2/repository/com/vladsch/flexmark/flexmark-ext-ins/0.64.0/flexmark-ext-ins-0.64.0.jar:/home/brito/.m2/repository/com/vladsch/flexmark/flexmark-ext-xwiki-macros/0.64.0/flexmark-ext-xwiki-macros-0.64.0.jar:/home/brito/.m2/repository/com/vladsch/flexmark/flexmark-ext-superscript/0.64.0/flexmark-ext-superscript-0.64.0.jar:/home/brito/.m2/repository/com/vladsch/flexmark/flexmark-ext-tables/0.64.0/flexmark-ext-tables-0.64.0.jar:/home/brito/.m2/repository/com/vladsch/flexmark/flexmark-ext-toc/0.64.0/flexmark-ext-toc-0.64.0.jar:/home/brito/.m2/repository/com/vladsch/flexmark/flexmark-ext-typographic/0.64.0/flexmark-ext-typographic-0.64.0.jar:/home/brito/.m2/repository/com/vladsch/flexmark/flexmark-ext-wikilink/0.64.0/flexmark-ext-wikilink-0.64.0.jar:/home/brito/.m2/repository/com/vladsch/flexmark/flexmark-ext-yaml-front-matter/0.64.0/flexmark-ext-yaml-front-matter-0.64.0.jar:/home/brito/.m2/repository/com/vladsch/flexmark/flexmark-ext-youtube-embedded/0.64.0/flexmark-ext-youtube-embedded-0.64.0.jar:/home/brito/.m2/repository/com/vladsch/flexmark/flexmark-html2md-converter/0.64.0/flexmark-html2md-converter-0.64.0.jar:/home/brito/.m2/repository/com/vladsch/flexmark/flexmark-jira-converter/0.64.0/flexmark-jira-converter-0.64.0.jar:/home/brito/.m2/repository/com/vladsch/flexmark/flexmark-pdf-converter/0.64.0/flexmark-pdf-converter-0.64.0.jar:/home/brito/.m2/repository/com/openhtmltopdf/openhtmltopdf-core/1.0.10/openhtmltopdf-core-1.0.10.jar:/home/brito/.m2/repository/com/openhtmltopdf/openhtmltopdf-pdfbox/1.0.10/openhtmltopdf-pdfbox-1.0.10.jar:/home/brito/.m2/repository/org/apache/pdfbox/pdfbox/2.0.24/pdfbox-2.0.24.jar:/home/brito/.m2/repository/org/apache/pdfbox/fontbox/2.0.24/fontbox-2.0.24.jar:/home/brito/.m2/repository/commons-logging/commons-logging/1.2/commons-logging-1.2.jar:/home/brito/.m2/repository/org/apache/pdfbox/xmpbox/2.0.24/xmpbox-2.0.24.jar:/home/brito/.m2/repository/de/rototor/pdfbox/graphics2d/0.32/graphics2d-0.32.jar:/home/brito/.m2/repository/com/openhtmltopdf/openhtmltopdf-rtl-support/1.0.10/openhtmltopdf-rtl-support-1.0.10.jar:/home/brito/.m2/repository/com/ibm/icu/icu4j/59.1/icu4j-59.1.jar:/home/brito/.m2/repository/com/openhtmltopdf/openhtmltopdf-jsoup-dom-converter/1.0.0/openhtmltopdf-jsoup-dom-converter-1.0.0.jar:/home/brito/.m2/repository/com/vladsch/flexmark/flexmark-profile-pegdown/0.64.0/flexmark-profile-pegdown-0.64.0.jar:/home/brito/.m2/repository/com/vladsch/flexmark/flexmark-util-ast/0.64.0/flexmark-util-ast-0.64.0.jar:/home/brito/.m2/repository/org/jetbrains/annotations/15.0/annotations-15.0.jar:/home/brito/.m2/repository/com/vladsch/flexmark/flexmark-util-builder/0.64.0/flexmark-util-builder-0.64.0.jar:/home/brito/.m2/repository/com/vladsch/flexmark/flexmark-util-collection/0.64.0/flexmark-util-collection-0.64.0.jar:/home/brito/.m2/repository/com/vladsch/flexmark/flexmark-util-data/0.64.0/flexmark-util-data-0.64.0.jar:/home/brito/.m2/repository/com/vladsch/flexmark/flexmark-util-dependency/0.64.0/flexmark-util-dependency-0.64.0.jar:/home/brito/.m2/repository/com/vladsch/flexmark/flexmark-util-format/0.64.0/flexmark-util-format-0.64.0.jar:/home/brito/.m2/repository/com/vladsch/flexmark/flexmark-util-html/0.64.0/flexmark-util-html-0.64.0.jar:/home/brito/.m2/repository/com/vladsch/flexmark/flexmark-util-misc/0.64.0/flexmark-util-misc-0.64.0.jar:/home/brito/.m2/repository/com/vladsch/flexmark/flexmark-util-options/0.64.0/flexmark-util-options-0.64.0.jar:/home/brito/.m2/repository/com/vladsch/flexmark/flexmark-util-sequence/0.64.0/flexmark-util-sequence-0.64.0.jar:/home/brito/.m2/repository/com/vladsch/flexmark/flexmark-util-visitor/0.64.0/flexmark-util-visitor-0.64.0.jar:/home/brito/.m2/repository/com/vladsch/flexmark/flexmark-youtrack-converter/0.64.0/flexmark-youtrack-converter-0.64.0.jar:"/>
    <property name="sun.cpu.endian" value="little"/>
    <property name="user.home" value="/home/brito"/>
    <property name="user.language" value="en"/>
    <property name="java.specification.vendor" value="Oracle Corporation"/>
    <property name="java.version.date" value="2023-04-18"/>
    <property name="java.home" value="/home/brito/.sdkman/candidates/java/20.0.1-graal"/>
    <property name="file.separator" value="/"/>
    <property name="basedir" value="/home/brito/code/x-file.xyz/nostrium"/>
    <property name="java.vm.compressedOopsMode" value="Zero based"/>
    <property name="jdk.internal.vm.ci.enabled" value="true"/>
    <property name="line.separator" value="&#10;"/>
    <property name="java.vm.specification.vendor" value="Oracle Corporation"/>
    <property name="java.specification.name" value="Java Platform API Specification"/>
    <property name="surefire.real.class.path" value="/home/brito/code/x-file.xyz/nostrium/target/surefire/surefirebooter1292594383538060559.jar"/>
    <property name="sun.management.compiler" value="HotSpot 64-Bit Tiered Compilers"/>
    <property name="java.runtime.version" value="20.0.1+9-jvmci-23.0-b12"/>
    <property name="user.name" value="brito"/>
    <property name="stdout.encoding" value="UTF-8"/>
    <property name="path.separator" value=":"/>
    <property name="os.version" value="6.8.0-39-lowlatency"/>
    <property name="java.runtime.name" value="Java(TM) SE Runtime Environment"/>
    <property name="file.encoding" value="UTF-8"/>
    <property name="java.vm.name" value="Java HotSpot(TM) 64-Bit Server VM"/>
    <property name="java.vendor.version" value="Oracle GraalVM 20.0.1+9.1"/>
    <property name="maven.ext.class.path" value="/snap/netbeans/102/netbeans/java/maven-nblib/netbeans-eventspy.jar"/>
    <property name="localRepository" value="/home/brito/.m2/repository"/>
    <property name="java.vendor.url.bug" value="https://bugreport.java.com/bugreport/"/>
    <property name="java.io.tmpdir" value="/tmp"/>
    <property name="java.version" value="20.0.1"/>
    <property name="user.dir" value="/home/brito/code/x-file.xyz/nostrium"/>
    <property name="os.arch" value="amd64"/>
    <property name="java.vm.specification.name" value="Java Virtual Machine Specification"/>
    <property name="native.encoding" value="UTF-8"/>
    <property name="java.library.path" value="/usr/java/packages/lib:/usr/lib64:/lib64:/lib:/usr/lib"/>
    <property name="java.vm.info" value="mixed mode, sharing"/>
    <property name="stderr.encoding" value="UTF-8"/>
    <property name="java.vendor" value="Oracle Corporation"/>
    <property name="java.vm.version" value="20.0.1+9-jvmci-23.0-b12"/>
    <property name="sun.io.unicode.encoding" value="UnicodeLittle"/>
    <property name="java.class.version" value="64.0"/>
  </properties>
  <testcase name="helloUserAnonymous" classname="basic.UserTest" time="0.027"/>
</testsuite>